==82574== Memcheck, a memory error detector
==82574== Copyright (C) 2002-2017, and GNU GPL'd, by Julian Seward et al.
==82574== Using Valgrind-3.15.0 and LibVEX; rerun with -h for copyright info
==82574== Command: ./cub3d map/easy.cub
==82574== Parent PID: 16704
==82574== 
==82574== 
==82574== HEAP SUMMARY:
==82574==     in use at exit: 29,692 bytes in 302 blocks
==82574==   total heap usage: 1,741 allocs, 1,439 frees, 620,526 bytes allocated
==82574== 
==82574== 24 bytes in 1 blocks are still reachable in loss record 1 of 43
==82574==    at 0x483B7F3: malloc (in /usr/lib/x86_64-linux-gnu/valgrind/vgpreload_memcheck-amd64-linux.so)
==82574==    by 0x4095FD: ft_calloc (in /mnt/nfs/homes/mbraets/projects/cub3d/cub3d)
==82574==    by 0x408124: init_sprites_text (init_bonus.c:34)
==82574==    by 0x402769: main (main.c:30)
==82574== 
{
   <insert_a_suppression_name_here>
   Memcheck:Leak
   match-leak-kinds: reachable
   fun:malloc
   fun:ft_calloc
   fun:init_sprites_text
   fun:main
}
==82574== 32 bytes in 1 blocks are still reachable in loss record 2 of 43
==82574==    at 0x483B7F3: malloc (in /usr/lib/x86_64-linux-gnu/valgrind/vgpreload_memcheck-amd64-linux.so)
==82574==    by 0x48C164E: ??? (in /usr/lib/x86_64-linux-gnu/libX11.so.6.3.0)
==82574==    by 0x48C1F1A: ??? (in /usr/lib/x86_64-linux-gnu/libX11.so.6.3.0)
==82574==    by 0x48C2C50: XrmGetStringDatabase (in /usr/lib/x86_64-linux-gnu/libX11.so.6.3.0)
==82574==    by 0x489EA4C: ??? (in /usr/lib/x86_64-linux-gnu/libX11.so.6.3.0)
==82574==    by 0x489ECE5: XGetDefault (in /usr/lib/x86_64-linux-gnu/libX11.so.6.3.0)
==82574==    by 0x55B3262: _XcursorGetDisplayInfo (in /usr/lib/x86_64-linux-gnu/libXcursor.so.1.0.2)
==82574==    by 0x55B32DC: XcursorSupportsARGB (in /usr/lib/x86_64-linux-gnu/libXcursor.so.1.0.2)
==82574==    by 0x55B5D84: XcursorNoticeCreateBitmap (in /usr/lib/x86_64-linux-gnu/libXcursor.so.1.0.2)
==82574==    by 0x4899250: XCreatePixmap (in /usr/lib/x86_64-linux-gnu/libX11.so.6.3.0)
==82574==    by 0x48980B2: XCreateBitmapFromData (in /usr/lib/x86_64-linux-gnu/libX11.so.6.3.0)
==82574==    by 0x40C080: mlx_mouse_hide (in /mnt/nfs/homes/mbraets/projects/cub3d/cub3d)
==82574== 
{
   <insert_a_suppression_name_here>
   Memcheck:Leak
   match-leak-kinds: reachable
   fun:malloc
   obj:/usr/lib/x86_64-linux-gnu/libX11.so.6.3.0
   obj:/usr/lib/x86_64-linux-gnu/libX11.so.6.3.0
   fun:XrmGetStringDatabase
   obj:/usr/lib/x86_64-linux-gnu/libX11.so.6.3.0
   fun:XGetDefault
   fun:_XcursorGetDisplayInfo
   fun:XcursorSupportsARGB
   fun:XcursorNoticeCreateBitmap
   fun:XCreatePixmap
   fun:XCreateBitmapFromData
   fun:mlx_mouse_hide
}
==82574== 38 bytes in 1 blocks are still reachable in loss record 3 of 43
==82574==    at 0x483B7F3: malloc (in /usr/lib/x86_64-linux-gnu/valgrind/vgpreload_memcheck-amd64-linux.so)
==82574==    by 0x401F5DE: strdup (strdup.c:42)
==82574==    by 0x4019A91: _dl_load_cache_lookup (dl-cache.c:338)
==82574==    by 0x400A989: _dl_map_object (dl-load.c:2102)
==82574==    by 0x4015D46: dl_open_worker (dl-open.c:513)
==82574==    by 0x4C68927: _dl_catch_exception (dl-error-skeleton.c:208)
==82574==    by 0x4015609: _dl_open (dl-open.c:837)
==82574==    by 0x4D2734B: dlopen_doit (dlopen.c:66)
==82574==    by 0x4C68927: _dl_catch_exception (dl-error-skeleton.c:208)
==82574==    by 0x4C689F2: _dl_catch_error (dl-error-skeleton.c:227)
==82574==    by 0x4D27B58: _dlerror_run (dlerror.c:170)
==82574==    by 0x4D273D9: dlopen@@GLIBC_2.2.5 (dlopen.c:87)
==82574== 
{
   <insert_a_suppression_name_here>
   Memcheck:Leak
   match-leak-kinds: reachable
   fun:malloc
   fun:strdup
   fun:_dl_load_cache_lookup
   fun:_dl_map_object
   fun:dl_open_worker
   fun:_dl_catch_exception
   fun:_dl_open
   fun:dlopen_doit
   fun:_dl_catch_exception
   fun:_dl_catch_error
   fun:_dlerror_run
   fun:dlopen@@GLIBC_2.2.5
}
==82574== 38 bytes in 1 blocks are still reachable in loss record 4 of 43
==82574==    at 0x483B7F3: malloc (in /usr/lib/x86_64-linux-gnu/valgrind/vgpreload_memcheck-amd64-linux.so)
==82574==    by 0x400D5B7: _dl_new_object (dl-object.c:196)
==82574==    by 0x4006E96: _dl_map_object_from_fd (dl-load.c:997)
==82574==    by 0x400A61A: _dl_map_object (dl-load.c:2236)
==82574==    by 0x4015D46: dl_open_worker (dl-open.c:513)
==82574==    by 0x4C68927: _dl_catch_exception (dl-error-skeleton.c:208)
==82574==    by 0x4015609: _dl_open (dl-open.c:837)
==82574==    by 0x4D2734B: dlopen_doit (dlopen.c:66)
==82574==    by 0x4C68927: _dl_catch_exception (dl-error-skeleton.c:208)
==82574==    by 0x4C689F2: _dl_catch_error (dl-error-skeleton.c:227)
==82574==    by 0x4D27B58: _dlerror_run (dlerror.c:170)
==82574==    by 0x4D273D9: dlopen@@GLIBC_2.2.5 (dlopen.c:87)
==82574== 
{
   <insert_a_suppression_name_here>
   Memcheck:Leak
   match-leak-kinds: reachable
   fun:malloc
   fun:_dl_new_object
   fun:_dl_map_object_from_fd
   fun:_dl_map_object
   fun:dl_open_worker
   fun:_dl_catch_exception
   fun:_dl_open
   fun:dlopen_doit
   fun:_dl_catch_exception
   fun:_dl_catch_error
   fun:_dlerror_run
   fun:dlopen@@GLIBC_2.2.5
}
==82574== 47 bytes in 5 blocks are still reachable in loss record 5 of 43
==82574==    at 0x483B7F3: malloc (in /usr/lib/x86_64-linux-gnu/valgrind/vgpreload_memcheck-amd64-linux.so)
==82574==    by 0x48C9E68: _XlcAddCT (in /usr/lib/x86_64-linux-gnu/libX11.so.6.3.0)
==82574==    by 0x48CA0C7: _XlcInitCTInfo (in /usr/lib/x86_64-linux-gnu/libX11.so.6.3.0)
==82574==    by 0x48D0276: ??? (in /usr/lib/x86_64-linux-gnu/libX11.so.6.3.0)
==82574==    by 0x48CF956: ??? (in /usr/lib/x86_64-linux-gnu/libX11.so.6.3.0)
==82574==    by 0x48D015C: _XlcCreateLC (in /usr/lib/x86_64-linux-gnu/libX11.so.6.3.0)
==82574==    by 0x48F1694: _XlcUtf8Loader (in /usr/lib/x86_64-linux-gnu/libX11.so.6.3.0)
==82574==    by 0x48D7995: _XOpenLC (in /usr/lib/x86_64-linux-gnu/libX11.so.6.3.0)
==82574==    by 0x48D7BAE: _XrmInitParseInfo (in /usr/lib/x86_64-linux-gnu/libX11.so.6.3.0)
==82574==    by 0x48BE704: ??? (in /usr/lib/x86_64-linux-gnu/libX11.so.6.3.0)
==82574==    by 0x48C2C22: XrmGetStringDatabase (in /usr/lib/x86_64-linux-gnu/libX11.so.6.3.0)
==82574==    by 0x489EA4C: ??? (in /usr/lib/x86_64-linux-gnu/libX11.so.6.3.0)
==82574== 
{
   <insert_a_suppression_name_here>
   Memcheck:Leak
   match-leak-kinds: reachable
   fun:malloc
   fun:_XlcAddCT
   fun:_XlcInitCTInfo
   obj:/usr/lib/x86_64-linux-gnu/libX11.so.6.3.0
   obj:/usr/lib/x86_64-linux-gnu/libX11.so.6.3.0
   fun:_XlcCreateLC
   fun:_XlcUtf8Loader
   fun:_XOpenLC
   fun:_XrmInitParseInfo
   obj:/usr/lib/x86_64-linux-gnu/libX11.so.6.3.0
   fun:XrmGetStringDatabase
   obj:/usr/lib/x86_64-linux-gnu/libX11.so.6.3.0
}
==82574== 64 bytes in 1 blocks are still reachable in loss record 6 of 43
==82574==    at 0x483B7F3: malloc (in /usr/lib/x86_64-linux-gnu/valgrind/vgpreload_memcheck-amd64-linux.so)
==82574==    by 0x48B026B: _XrmInternalStringToQuark (in /usr/lib/x86_64-linux-gnu/libX11.so.6.3.0)
==82574==    by 0x48C23B3: XrmInitialize (in /usr/lib/x86_64-linux-gnu/libX11.so.6.3.0)
==82574==    by 0x489EA3B: ??? (in /usr/lib/x86_64-linux-gnu/libX11.so.6.3.0)
==82574==    by 0x489ECE5: XGetDefault (in /usr/lib/x86_64-linux-gnu/libX11.so.6.3.0)
==82574==    by 0x55B3262: _XcursorGetDisplayInfo (in /usr/lib/x86_64-linux-gnu/libXcursor.so.1.0.2)
==82574==    by 0x55B32DC: XcursorSupportsARGB (in /usr/lib/x86_64-linux-gnu/libXcursor.so.1.0.2)
==82574==    by 0x55B5D84: XcursorNoticeCreateBitmap (in /usr/lib/x86_64-linux-gnu/libXcursor.so.1.0.2)
==82574==    by 0x4899250: XCreatePixmap (in /usr/lib/x86_64-linux-gnu/libX11.so.6.3.0)
==82574==    by 0x48980B2: XCreateBitmapFromData (in /usr/lib/x86_64-linux-gnu/libX11.so.6.3.0)
==82574==    by 0x40C080: mlx_mouse_hide (in /mnt/nfs/homes/mbraets/projects/cub3d/cub3d)
==82574==    by 0x402829: main (main.c:43)
==82574== 
{
   <insert_a_suppression_name_here>
   Memcheck:Leak
   match-leak-kinds: reachable
   fun:malloc
   fun:_XrmInternalStringToQuark
   fun:XrmInitialize
   obj:/usr/lib/x86_64-linux-gnu/libX11.so.6.3.0
   fun:XGetDefault
   fun:_XcursorGetDisplayInfo
   fun:XcursorSupportsARGB
   fun:XcursorNoticeCreateBitmap
   fun:XCreatePixmap
   fun:XCreateBitmapFromData
   fun:mlx_mouse_hide
   fun:main
}
==82574== 64 bytes in 1 blocks are still reachable in loss record 7 of 43
==82574==    at 0x483B7F3: malloc (in /usr/lib/x86_64-linux-gnu/valgrind/vgpreload_memcheck-amd64-linux.so)
==82574==    by 0x48CA8C2: _XlcSetConverter (in /usr/lib/x86_64-linux-gnu/libX11.so.6.3.0)
==82574==    by 0x48CA103: _XlcInitCTInfo (in /usr/lib/x86_64-linux-gnu/libX11.so.6.3.0)
==82574==    by 0x48D0276: ??? (in /usr/lib/x86_64-linux-gnu/libX11.so.6.3.0)
==82574==    by 0x48CF956: ??? (in /usr/lib/x86_64-linux-gnu/libX11.so.6.3.0)
==82574==    by 0x48D015C: _XlcCreateLC (in /usr/lib/x86_64-linux-gnu/libX11.so.6.3.0)
==82574==    by 0x48F1694: _XlcUtf8Loader (in /usr/lib/x86_64-linux-gnu/libX11.so.6.3.0)
==82574==    by 0x48D7995: _XOpenLC (in /usr/lib/x86_64-linux-gnu/libX11.so.6.3.0)
==82574==    by 0x48D7BAE: _XrmInitParseInfo (in /usr/lib/x86_64-linux-gnu/libX11.so.6.3.0)
==82574==    by 0x48BE704: ??? (in /usr/lib/x86_64-linux-gnu/libX11.so.6.3.0)
==82574==    by 0x48C2C22: XrmGetStringDatabase (in /usr/lib/x86_64-linux-gnu/libX11.so.6.3.0)
==82574==    by 0x489EA4C: ??? (in /usr/lib/x86_64-linux-gnu/libX11.so.6.3.0)
==82574== 
{
   <insert_a_suppression_name_here>
   Memcheck:Leak
   match-leak-kinds: reachable
   fun:malloc
   fun:_XlcSetConverter
   fun:_XlcInitCTInfo
   obj:/usr/lib/x86_64-linux-gnu/libX11.so.6.3.0
   obj:/usr/lib/x86_64-linux-gnu/libX11.so.6.3.0
   fun:_XlcCreateLC
   fun:_XlcUtf8Loader
   fun:_XOpenLC
   fun:_XrmInitParseInfo
   obj:/usr/lib/x86_64-linux-gnu/libX11.so.6.3.0
   fun:XrmGetStringDatabase
   obj:/usr/lib/x86_64-linux-gnu/libX11.so.6.3.0
}
==82574== 64 bytes in 1 blocks are still reachable in loss record 8 of 43
==82574==    at 0x483B7F3: malloc (in /usr/lib/x86_64-linux-gnu/valgrind/vgpreload_memcheck-amd64-linux.so)
==82574==    by 0x48CA8C2: _XlcSetConverter (in /usr/lib/x86_64-linux-gnu/libX11.so.6.3.0)
==82574==    by 0x48CA121: _XlcInitCTInfo (in /usr/lib/x86_64-linux-gnu/libX11.so.6.3.0)
==82574==    by 0x48D0276: ??? (in /usr/lib/x86_64-linux-gnu/libX11.so.6.3.0)
==82574==    by 0x48CF956: ??? (in /usr/lib/x86_64-linux-gnu/libX11.so.6.3.0)
==82574==    by 0x48D015C: _XlcCreateLC (in /usr/lib/x86_64-linux-gnu/libX11.so.6.3.0)
==82574==    by 0x48F1694: _XlcUtf8Loader (in /usr/lib/x86_64-linux-gnu/libX11.so.6.3.0)
==82574==    by 0x48D7995: _XOpenLC (in /usr/lib/x86_64-linux-gnu/libX11.so.6.3.0)
==82574==    by 0x48D7BAE: _XrmInitParseInfo (in /usr/lib/x86_64-linux-gnu/libX11.so.6.3.0)
==82574==    by 0x48BE704: ??? (in /usr/lib/x86_64-linux-gnu/libX11.so.6.3.0)
==82574==    by 0x48C2C22: XrmGetStringDatabase (in /usr/lib/x86_64-linux-gnu/libX11.so.6.3.0)
==82574==    by 0x489EA4C: ??? (in /usr/lib/x86_64-linux-gnu/libX11.so.6.3.0)
==82574== 
{
   <insert_a_suppression_name_here>
   Memcheck:Leak
   match-leak-kinds: reachable
   fun:malloc
   fun:_XlcSetConverter
   fun:_XlcInitCTInfo
   obj:/usr/lib/x86_64-linux-gnu/libX11.so.6.3.0
   obj:/usr/lib/x86_64-linux-gnu/libX11.so.6.3.0
   fun:_XlcCreateLC
   fun:_XlcUtf8Loader
   fun:_XOpenLC
   fun:_XrmInitParseInfo
   obj:/usr/lib/x86_64-linux-gnu/libX11.so.6.3.0
   fun:XrmGetStringDatabase
   obj:/usr/lib/x86_64-linux-gnu/libX11.so.6.3.0
}
==82574== 64 bytes in 1 blocks are still reachable in loss record 9 of 43
==82574==    at 0x483B7F3: malloc (in /usr/lib/x86_64-linux-gnu/valgrind/vgpreload_memcheck-amd64-linux.so)
==82574==    by 0x48CA8C2: _XlcSetConverter (in /usr/lib/x86_64-linux-gnu/libX11.so.6.3.0)
==82574==    by 0x48CA13F: _XlcInitCTInfo (in /usr/lib/x86_64-linux-gnu/libX11.so.6.3.0)
==82574==    by 0x48D0276: ??? (in /usr/lib/x86_64-linux-gnu/libX11.so.6.3.0)
==82574==    by 0x48CF956: ??? (in /usr/lib/x86_64-linux-gnu/libX11.so.6.3.0)
==82574==    by 0x48D015C: _XlcCreateLC (in /usr/lib/x86_64-linux-gnu/libX11.so.6.3.0)
==82574==    by 0x48F1694: _XlcUtf8Loader (in /usr/lib/x86_64-linux-gnu/libX11.so.6.3.0)
==82574==    by 0x48D7995: _XOpenLC (in /usr/lib/x86_64-linux-gnu/libX11.so.6.3.0)
==82574==    by 0x48D7BAE: _XrmInitParseInfo (in /usr/lib/x86_64-linux-gnu/libX11.so.6.3.0)
==82574==    by 0x48BE704: ??? (in /usr/lib/x86_64-linux-gnu/libX11.so.6.3.0)
==82574==    by 0x48C2C22: XrmGetStringDatabase (in /usr/lib/x86_64-linux-gnu/libX11.so.6.3.0)
==82574==    by 0x489EA4C: ??? (in /usr/lib/x86_64-linux-gnu/libX11.so.6.3.0)
==82574== 
{
   <insert_a_suppression_name_here>
   Memcheck:Leak
   match-leak-kinds: reachable
   fun:malloc
   fun:_XlcSetConverter
   fun:_XlcInitCTInfo
   obj:/usr/lib/x86_64-linux-gnu/libX11.so.6.3.0
   obj:/usr/lib/x86_64-linux-gnu/libX11.so.6.3.0
   fun:_XlcCreateLC
   fun:_XlcUtf8Loader
   fun:_XOpenLC
   fun:_XrmInitParseInfo
   obj:/usr/lib/x86_64-linux-gnu/libX11.so.6.3.0
   fun:XrmGetStringDatabase
   obj:/usr/lib/x86_64-linux-gnu/libX11.so.6.3.0
}
==82574== 64 bytes in 1 blocks are still reachable in loss record 10 of 43
==82574==    at 0x483B7F3: malloc (in /usr/lib/x86_64-linux-gnu/valgrind/vgpreload_memcheck-amd64-linux.so)
==82574==    by 0x48CA8C2: _XlcSetConverter (in /usr/lib/x86_64-linux-gnu/libX11.so.6.3.0)
==82574==    by 0x48CA15D: _XlcInitCTInfo (in /usr/lib/x86_64-linux-gnu/libX11.so.6.3.0)
==82574==    by 0x48D0276: ??? (in /usr/lib/x86_64-linux-gnu/libX11.so.6.3.0)
==82574==    by 0x48CF956: ??? (in /usr/lib/x86_64-linux-gnu/libX11.so.6.3.0)
==82574==    by 0x48D015C: _XlcCreateLC (in /usr/lib/x86_64-linux-gnu/libX11.so.6.3.0)
==82574==    by 0x48F1694: _XlcUtf8Loader (in /usr/lib/x86_64-linux-gnu/libX11.so.6.3.0)
==82574==    by 0x48D7995: _XOpenLC (in /usr/lib/x86_64-linux-gnu/libX11.so.6.3.0)
==82574==    by 0x48D7BAE: _XrmInitParseInfo (in /usr/lib/x86_64-linux-gnu/libX11.so.6.3.0)
==82574==    by 0x48BE704: ??? (in /usr/lib/x86_64-linux-gnu/libX11.so.6.3.0)
==82574==    by 0x48C2C22: XrmGetStringDatabase (in /usr/lib/x86_64-linux-gnu/libX11.so.6.3.0)
==82574==    by 0x489EA4C: ??? (in /usr/lib/x86_64-linux-gnu/libX11.so.6.3.0)
==82574== 
{
   <insert_a_suppression_name_here>
   Memcheck:Leak
   match-leak-kinds: reachable
   fun:malloc
   fun:_XlcSetConverter
   fun:_XlcInitCTInfo
   obj:/usr/lib/x86_64-linux-gnu/libX11.so.6.3.0
   obj:/usr/lib/x86_64-linux-gnu/libX11.so.6.3.0
   fun:_XlcCreateLC
   fun:_XlcUtf8Loader
   fun:_XOpenLC
   fun:_XrmInitParseInfo
   obj:/usr/lib/x86_64-linux-gnu/libX11.so.6.3.0
   fun:XrmGetStringDatabase
   obj:/usr/lib/x86_64-linux-gnu/libX11.so.6.3.0
}
==82574== 64 bytes in 1 blocks are still reachable in loss record 11 of 43
==82574==    at 0x483B7F3: malloc (in /usr/lib/x86_64-linux-gnu/valgrind/vgpreload_memcheck-amd64-linux.so)
==82574==    by 0x48CA8C2: _XlcSetConverter (in /usr/lib/x86_64-linux-gnu/libX11.so.6.3.0)
==82574==    by 0x48ED69E: _XlcDefaultLoader (in /usr/lib/x86_64-linux-gnu/libX11.so.6.3.0)
==82574==    by 0x48D7995: _XOpenLC (in /usr/lib/x86_64-linux-gnu/libX11.so.6.3.0)
==82574==    by 0x48D7BAE: _XrmInitParseInfo (in /usr/lib/x86_64-linux-gnu/libX11.so.6.3.0)
==82574==    by 0x48BE704: ??? (in /usr/lib/x86_64-linux-gnu/libX11.so.6.3.0)
==82574==    by 0x48C2C22: XrmGetStringDatabase (in /usr/lib/x86_64-linux-gnu/libX11.so.6.3.0)
==82574==    by 0x489EA4C: ??? (in /usr/lib/x86_64-linux-gnu/libX11.so.6.3.0)
==82574==    by 0x489ECE5: XGetDefault (in /usr/lib/x86_64-linux-gnu/libX11.so.6.3.0)
==82574==    by 0x55B3262: _XcursorGetDisplayInfo (in /usr/lib/x86_64-linux-gnu/libXcursor.so.1.0.2)
==82574==    by 0x55B32DC: XcursorSupportsARGB (in /usr/lib/x86_64-linux-gnu/libXcursor.so.1.0.2)
==82574==    by 0x55B5D84: XcursorNoticeCreateBitmap (in /usr/lib/x86_64-linux-gnu/libXcursor.so.1.0.2)
==82574== 
{
   <insert_a_suppression_name_here>
   Memcheck:Leak
   match-leak-kinds: reachable
   fun:malloc
   fun:_XlcSetConverter
   fun:_XlcDefaultLoader
   fun:_XOpenLC
   fun:_XrmInitParseInfo
   obj:/usr/lib/x86_64-linux-gnu/libX11.so.6.3.0
   fun:XrmGetStringDatabase
   obj:/usr/lib/x86_64-linux-gnu/libX11.so.6.3.0
   fun:XGetDefault
   fun:_XcursorGetDisplayInfo
   fun:XcursorSupportsARGB
   fun:XcursorNoticeCreateBitmap
}
==82574== 64 bytes in 1 blocks are still reachable in loss record 12 of 43
==82574==    at 0x483B7F3: malloc (in /usr/lib/x86_64-linux-gnu/valgrind/vgpreload_memcheck-amd64-linux.so)
==82574==    by 0x48CA8C2: _XlcSetConverter (in /usr/lib/x86_64-linux-gnu/libX11.so.6.3.0)
==82574==    by 0x48ED6BE: _XlcDefaultLoader (in /usr/lib/x86_64-linux-gnu/libX11.so.6.3.0)
==82574==    by 0x48D7995: _XOpenLC (in /usr/lib/x86_64-linux-gnu/libX11.so.6.3.0)
==82574==    by 0x48D7BAE: _XrmInitParseInfo (in /usr/lib/x86_64-linux-gnu/libX11.so.6.3.0)
==82574==    by 0x48BE704: ??? (in /usr/lib/x86_64-linux-gnu/libX11.so.6.3.0)
==82574==    by 0x48C2C22: XrmGetStringDatabase (in /usr/lib/x86_64-linux-gnu/libX11.so.6.3.0)
==82574==    by 0x489EA4C: ??? (in /usr/lib/x86_64-linux-gnu/libX11.so.6.3.0)
==82574==    by 0x489ECE5: XGetDefault (in /usr/lib/x86_64-linux-gnu/libX11.so.6.3.0)
==82574==    by 0x55B3262: _XcursorGetDisplayInfo (in /usr/lib/x86_64-linux-gnu/libXcursor.so.1.0.2)
==82574==    by 0x55B32DC: XcursorSupportsARGB (in /usr/lib/x86_64-linux-gnu/libXcursor.so.1.0.2)
==82574==    by 0x55B5D84: XcursorNoticeCreateBitmap (in /usr/lib/x86_64-linux-gnu/libXcursor.so.1.0.2)
==82574== 
{
   <insert_a_suppression_name_here>
   Memcheck:Leak
   match-leak-kinds: reachable
   fun:malloc
   fun:_XlcSetConverter
   fun:_XlcDefaultLoader
   fun:_XOpenLC
   fun:_XrmInitParseInfo
   obj:/usr/lib/x86_64-linux-gnu/libX11.so.6.3.0
   fun:XrmGetStringDatabase
   obj:/usr/lib/x86_64-linux-gnu/libX11.so.6.3.0
   fun:XGetDefault
   fun:_XcursorGetDisplayInfo
   fun:XcursorSupportsARGB
   fun:XcursorNoticeCreateBitmap
}
==82574== 64 bytes in 1 blocks are still reachable in loss record 13 of 43
==82574==    at 0x483B7F3: malloc (in /usr/lib/x86_64-linux-gnu/valgrind/vgpreload_memcheck-amd64-linux.so)
==82574==    by 0x48CA8C2: _XlcSetConverter (in /usr/lib/x86_64-linux-gnu/libX11.so.6.3.0)
==82574==    by 0x48ED6DE: _XlcDefaultLoader (in /usr/lib/x86_64-linux-gnu/libX11.so.6.3.0)
==82574==    by 0x48D7995: _XOpenLC (in /usr/lib/x86_64-linux-gnu/libX11.so.6.3.0)
==82574==    by 0x48D7BAE: _XrmInitParseInfo (in /usr/lib/x86_64-linux-gnu/libX11.so.6.3.0)
==82574==    by 0x48BE704: ??? (in /usr/lib/x86_64-linux-gnu/libX11.so.6.3.0)
==82574==    by 0x48C2C22: XrmGetStringDatabase (in /usr/lib/x86_64-linux-gnu/libX11.so.6.3.0)
==82574==    by 0x489EA4C: ??? (in /usr/lib/x86_64-linux-gnu/libX11.so.6.3.0)
==82574==    by 0x489ECE5: XGetDefault (in /usr/lib/x86_64-linux-gnu/libX11.so.6.3.0)
==82574==    by 0x55B3262: _XcursorGetDisplayInfo (in /usr/lib/x86_64-linux-gnu/libXcursor.so.1.0.2)
==82574==    by 0x55B32DC: XcursorSupportsARGB (in /usr/lib/x86_64-linux-gnu/libXcursor.so.1.0.2)
==82574==    by 0x55B5D84: XcursorNoticeCreateBitmap (in /usr/lib/x86_64-linux-gnu/libXcursor.so.1.0.2)
==82574== 
{
   <insert_a_suppression_name_here>
   Memcheck:Leak
   match-leak-kinds: reachable
   fun:malloc
   fun:_XlcSetConverter
   fun:_XlcDefaultLoader
   fun:_XOpenLC
   fun:_XrmInitParseInfo
   obj:/usr/lib/x86_64-linux-gnu/libX11.so.6.3.0
   fun:XrmGetStringDatabase
   obj:/usr/lib/x86_64-linux-gnu/libX11.so.6.3.0
   fun:XGetDefault
   fun:_XcursorGetDisplayInfo
   fun:XcursorSupportsARGB
   fun:XcursorNoticeCreateBitmap
}
==82574== 64 bytes in 1 blocks are still reachable in loss record 14 of 43
==82574==    at 0x483B7F3: malloc (in /usr/lib/x86_64-linux-gnu/valgrind/vgpreload_memcheck-amd64-linux.so)
==82574==    by 0x48CA8C2: _XlcSetConverter (in /usr/lib/x86_64-linux-gnu/libX11.so.6.3.0)
==82574==    by 0x48ED6FE: _XlcDefaultLoader (in /usr/lib/x86_64-linux-gnu/libX11.so.6.3.0)
==82574==    by 0x48D7995: _XOpenLC (in /usr/lib/x86_64-linux-gnu/libX11.so.6.3.0)
==82574==    by 0x48D7BAE: _XrmInitParseInfo (in /usr/lib/x86_64-linux-gnu/libX11.so.6.3.0)
==82574==    by 0x48BE704: ??? (in /usr/lib/x86_64-linux-gnu/libX11.so.6.3.0)
==82574==    by 0x48C2C22: XrmGetStringDatabase (in /usr/lib/x86_64-linux-gnu/libX11.so.6.3.0)
==82574==    by 0x489EA4C: ??? (in /usr/lib/x86_64-linux-gnu/libX11.so.6.3.0)
==82574==    by 0x489ECE5: XGetDefault (in /usr/lib/x86_64-linux-gnu/libX11.so.6.3.0)
==82574==    by 0x55B3262: _XcursorGetDisplayInfo (in /usr/lib/x86_64-linux-gnu/libXcursor.so.1.0.2)
==82574==    by 0x55B32DC: XcursorSupportsARGB (in /usr/lib/x86_64-linux-gnu/libXcursor.so.1.0.2)
==82574==    by 0x55B5D84: XcursorNoticeCreateBitmap (in /usr/lib/x86_64-linux-gnu/libXcursor.so.1.0.2)
==82574== 
{
   <insert_a_suppression_name_here>
   Memcheck:Leak
   match-leak-kinds: reachable
   fun:malloc
   fun:_XlcSetConverter
   fun:_XlcDefaultLoader
   fun:_XOpenLC
   fun:_XrmInitParseInfo
   obj:/usr/lib/x86_64-linux-gnu/libX11.so.6.3.0
   fun:XrmGetStringDatabase
   obj:/usr/lib/x86_64-linux-gnu/libX11.so.6.3.0
   fun:XGetDefault
   fun:_XcursorGetDisplayInfo
   fun:XcursorSupportsARGB
   fun:XcursorNoticeCreateBitmap
}
==82574== 64 bytes in 1 blocks are still reachable in loss record 15 of 43
==82574==    at 0x483B7F3: malloc (in /usr/lib/x86_64-linux-gnu/valgrind/vgpreload_memcheck-amd64-linux.so)
==82574==    by 0x48CA8C2: _XlcSetConverter (in /usr/lib/x86_64-linux-gnu/libX11.so.6.3.0)
==82574==    by 0x48ED71E: _XlcDefaultLoader (in /usr/lib/x86_64-linux-gnu/libX11.so.6.3.0)
==82574==    by 0x48D7995: _XOpenLC (in /usr/lib/x86_64-linux-gnu/libX11.so.6.3.0)
==82574==    by 0x48D7BAE: _XrmInitParseInfo (in /usr/lib/x86_64-linux-gnu/libX11.so.6.3.0)
==82574==    by 0x48BE704: ??? (in /usr/lib/x86_64-linux-gnu/libX11.so.6.3.0)
==82574==    by 0x48C2C22: XrmGetStringDatabase (in /usr/lib/x86_64-linux-gnu/libX11.so.6.3.0)
==82574==    by 0x489EA4C: ??? (in /usr/lib/x86_64-linux-gnu/libX11.so.6.3.0)
==82574==    by 0x489ECE5: XGetDefault (in /usr/lib/x86_64-linux-gnu/libX11.so.6.3.0)
==82574==    by 0x55B3262: _XcursorGetDisplayInfo (in /usr/lib/x86_64-linux-gnu/libXcursor.so.1.0.2)
==82574==    by 0x55B32DC: XcursorSupportsARGB (in /usr/lib/x86_64-linux-gnu/libXcursor.so.1.0.2)
==82574==    by 0x55B5D84: XcursorNoticeCreateBitmap (in /usr/lib/x86_64-linux-gnu/libXcursor.so.1.0.2)
==82574== 
{
   <insert_a_suppression_name_here>
   Memcheck:Leak
   match-leak-kinds: reachable
   fun:malloc
   fun:_XlcSetConverter
   fun:_XlcDefaultLoader
   fun:_XOpenLC
   fun:_XrmInitParseInfo
   obj:/usr/lib/x86_64-linux-gnu/libX11.so.6.3.0
   fun:XrmGetStringDatabase
   obj:/usr/lib/x86_64-linux-gnu/libX11.so.6.3.0
   fun:XGetDefault
   fun:_XcursorGetDisplayInfo
   fun:XcursorSupportsARGB
   fun:XcursorNoticeCreateBitmap
}
==82574== 64 bytes in 1 blocks are still reachable in loss record 16 of 43
==82574==    at 0x483B7F3: malloc (in /usr/lib/x86_64-linux-gnu/valgrind/vgpreload_memcheck-amd64-linux.so)
==82574==    by 0x48CA8C2: _XlcSetConverter (in /usr/lib/x86_64-linux-gnu/libX11.so.6.3.0)
==82574==    by 0x48ED73E: _XlcDefaultLoader (in /usr/lib/x86_64-linux-gnu/libX11.so.6.3.0)
==82574==    by 0x48D7995: _XOpenLC (in /usr/lib/x86_64-linux-gnu/libX11.so.6.3.0)
==82574==    by 0x48D7BAE: _XrmInitParseInfo (in /usr/lib/x86_64-linux-gnu/libX11.so.6.3.0)
==82574==    by 0x48BE704: ??? (in /usr/lib/x86_64-linux-gnu/libX11.so.6.3.0)
==82574==    by 0x48C2C22: XrmGetStringDatabase (in /usr/lib/x86_64-linux-gnu/libX11.so.6.3.0)
==82574==    by 0x489EA4C: ??? (in /usr/lib/x86_64-linux-gnu/libX11.so.6.3.0)
==82574==    by 0x489ECE5: XGetDefault (in /usr/lib/x86_64-linux-gnu/libX11.so.6.3.0)
==82574==    by 0x55B3262: _XcursorGetDisplayInfo (in /usr/lib/x86_64-linux-gnu/libXcursor.so.1.0.2)
==82574==    by 0x55B32DC: XcursorSupportsARGB (in /usr/lib/x86_64-linux-gnu/libXcursor.so.1.0.2)
==82574==    by 0x55B5D84: XcursorNoticeCreateBitmap (in /usr/lib/x86_64-linux-gnu/libXcursor.so.1.0.2)
==82574== 
{
   <insert_a_suppression_name_here>
   Memcheck:Leak
   match-leak-kinds: reachable
   fun:malloc
   fun:_XlcSetConverter
   fun:_XlcDefaultLoader
   fun:_XOpenLC
   fun:_XrmInitParseInfo
   obj:/usr/lib/x86_64-linux-gnu/libX11.so.6.3.0
   fun:XrmGetStringDatabase
   obj:/usr/lib/x86_64-linux-gnu/libX11.so.6.3.0
   fun:XGetDefault
   fun:_XcursorGetDisplayInfo
   fun:XcursorSupportsARGB
   fun:XcursorNoticeCreateBitmap
}
==82574== 64 bytes in 1 blocks are still reachable in loss record 17 of 43
==82574==    at 0x483B7F3: malloc (in /usr/lib/x86_64-linux-gnu/valgrind/vgpreload_memcheck-amd64-linux.so)
==82574==    by 0x48CA8C2: _XlcSetConverter (in /usr/lib/x86_64-linux-gnu/libX11.so.6.3.0)
==82574==    by 0x48ED75E: _XlcDefaultLoader (in /usr/lib/x86_64-linux-gnu/libX11.so.6.3.0)
==82574==    by 0x48D7995: _XOpenLC (in /usr/lib/x86_64-linux-gnu/libX11.so.6.3.0)
==82574==    by 0x48D7BAE: _XrmInitParseInfo (in /usr/lib/x86_64-linux-gnu/libX11.so.6.3.0)
==82574==    by 0x48BE704: ??? (in /usr/lib/x86_64-linux-gnu/libX11.so.6.3.0)
==82574==    by 0x48C2C22: XrmGetStringDatabase (in /usr/lib/x86_64-linux-gnu/libX11.so.6.3.0)
==82574==    by 0x489EA4C: ??? (in /usr/lib/x86_64-linux-gnu/libX11.so.6.3.0)
==82574==    by 0x489ECE5: XGetDefault (in /usr/lib/x86_64-linux-gnu/libX11.so.6.3.0)
==82574==    by 0x55B3262: _XcursorGetDisplayInfo (in /usr/lib/x86_64-linux-gnu/libXcursor.so.1.0.2)
==82574==    by 0x55B32DC: XcursorSupportsARGB (in /usr/lib/x86_64-linux-gnu/libXcursor.so.1.0.2)
==82574==    by 0x55B5D84: XcursorNoticeCreateBitmap (in /usr/lib/x86_64-linux-gnu/libXcursor.so.1.0.2)
==82574== 
{
   <insert_a_suppression_name_here>
   Memcheck:Leak
   match-leak-kinds: reachable
   fun:malloc
   fun:_XlcSetConverter
   fun:_XlcDefaultLoader
   fun:_XOpenLC
   fun:_XrmInitParseInfo
   obj:/usr/lib/x86_64-linux-gnu/libX11.so.6.3.0
   fun:XrmGetStringDatabase
   obj:/usr/lib/x86_64-linux-gnu/libX11.so.6.3.0
   fun:XGetDefault
   fun:_XcursorGetDisplayInfo
   fun:XcursorSupportsARGB
   fun:XcursorNoticeCreateBitmap
}
==82574== 64 bytes in 1 blocks are still reachable in loss record 18 of 43
==82574==    at 0x483B7F3: malloc (in /usr/lib/x86_64-linux-gnu/valgrind/vgpreload_memcheck-amd64-linux.so)
==82574==    by 0x48CA8C2: _XlcSetConverter (in /usr/lib/x86_64-linux-gnu/libX11.so.6.3.0)
==82574==    by 0x48ED77E: _XlcDefaultLoader (in /usr/lib/x86_64-linux-gnu/libX11.so.6.3.0)
==82574==    by 0x48D7995: _XOpenLC (in /usr/lib/x86_64-linux-gnu/libX11.so.6.3.0)
==82574==    by 0x48D7BAE: _XrmInitParseInfo (in /usr/lib/x86_64-linux-gnu/libX11.so.6.3.0)
==82574==    by 0x48BE704: ??? (in /usr/lib/x86_64-linux-gnu/libX11.so.6.3.0)
==82574==    by 0x48C2C22: XrmGetStringDatabase (in /usr/lib/x86_64-linux-gnu/libX11.so.6.3.0)
==82574==    by 0x489EA4C: ??? (in /usr/lib/x86_64-linux-gnu/libX11.so.6.3.0)
==82574==    by 0x489ECE5: XGetDefault (in /usr/lib/x86_64-linux-gnu/libX11.so.6.3.0)
==82574==    by 0x55B3262: _XcursorGetDisplayInfo (in /usr/lib/x86_64-linux-gnu/libXcursor.so.1.0.2)
==82574==    by 0x55B32DC: XcursorSupportsARGB (in /usr/lib/x86_64-linux-gnu/libXcursor.so.1.0.2)
==82574==    by 0x55B5D84: XcursorNoticeCreateBitmap (in /usr/lib/x86_64-linux-gnu/libXcursor.so.1.0.2)
==82574== 
{
   <insert_a_suppression_name_here>
   Memcheck:Leak
   match-leak-kinds: reachable
   fun:malloc
   fun:_XlcSetConverter
   fun:_XlcDefaultLoader
   fun:_XOpenLC
   fun:_XrmInitParseInfo
   obj:/usr/lib/x86_64-linux-gnu/libX11.so.6.3.0
   fun:XrmGetStringDatabase
   obj:/usr/lib/x86_64-linux-gnu/libX11.so.6.3.0
   fun:XGetDefault
   fun:_XcursorGetDisplayInfo
   fun:XcursorSupportsARGB
   fun:XcursorNoticeCreateBitmap
}
==82574== 64 bytes in 1 blocks are still reachable in loss record 19 of 43
==82574==    at 0x483B7F3: malloc (in /usr/lib/x86_64-linux-gnu/valgrind/vgpreload_memcheck-amd64-linux.so)
==82574==    by 0x48CA8C2: _XlcSetConverter (in /usr/lib/x86_64-linux-gnu/libX11.so.6.3.0)
==82574==    by 0x48ED79E: _XlcDefaultLoader (in /usr/lib/x86_64-linux-gnu/libX11.so.6.3.0)
==82574==    by 0x48D7995: _XOpenLC (in /usr/lib/x86_64-linux-gnu/libX11.so.6.3.0)
==82574==    by 0x48D7BAE: _XrmInitParseInfo (in /usr/lib/x86_64-linux-gnu/libX11.so.6.3.0)
==82574==    by 0x48BE704: ??? (in /usr/lib/x86_64-linux-gnu/libX11.so.6.3.0)
==82574==    by 0x48C2C22: XrmGetStringDatabase (in /usr/lib/x86_64-linux-gnu/libX11.so.6.3.0)
==82574==    by 0x489EA4C: ??? (in /usr/lib/x86_64-linux-gnu/libX11.so.6.3.0)
==82574==    by 0x489ECE5: XGetDefault (in /usr/lib/x86_64-linux-gnu/libX11.so.6.3.0)
==82574==    by 0x55B3262: _XcursorGetDisplayInfo (in /usr/lib/x86_64-linux-gnu/libXcursor.so.1.0.2)
==82574==    by 0x55B32DC: XcursorSupportsARGB (in /usr/lib/x86_64-linux-gnu/libXcursor.so.1.0.2)
==82574==    by 0x55B5D84: XcursorNoticeCreateBitmap (in /usr/lib/x86_64-linux-gnu/libXcursor.so.1.0.2)
==82574== 
{
   <insert_a_suppression_name_here>
   Memcheck:Leak
   match-leak-kinds: reachable
   fun:malloc
   fun:_XlcSetConverter
   fun:_XlcDefaultLoader
   fun:_XOpenLC
   fun:_XrmInitParseInfo
   obj:/usr/lib/x86_64-linux-gnu/libX11.so.6.3.0
   fun:XrmGetStringDatabase
   obj:/usr/lib/x86_64-linux-gnu/libX11.so.6.3.0
   fun:XGetDefault
   fun:_XcursorGetDisplayInfo
   fun:XcursorSupportsARGB
   fun:XcursorNoticeCreateBitmap
}
==82574== 64 bytes in 1 blocks are still reachable in loss record 20 of 43
==82574==    at 0x483B7F3: malloc (in /usr/lib/x86_64-linux-gnu/valgrind/vgpreload_memcheck-amd64-linux.so)
==82574==    by 0x48CA8C2: _XlcSetConverter (in /usr/lib/x86_64-linux-gnu/libX11.so.6.3.0)
==82574==    by 0x48ED7BE: _XlcDefaultLoader (in /usr/lib/x86_64-linux-gnu/libX11.so.6.3.0)
==82574==    by 0x48D7995: _XOpenLC (in /usr/lib/x86_64-linux-gnu/libX11.so.6.3.0)
==82574==    by 0x48D7BAE: _XrmInitParseInfo (in /usr/lib/x86_64-linux-gnu/libX11.so.6.3.0)
==82574==    by 0x48BE704: ??? (in /usr/lib/x86_64-linux-gnu/libX11.so.6.3.0)
==82574==    by 0x48C2C22: XrmGetStringDatabase (in /usr/lib/x86_64-linux-gnu/libX11.so.6.3.0)
==82574==    by 0x489EA4C: ??? (in /usr/lib/x86_64-linux-gnu/libX11.so.6.3.0)
==82574==    by 0x489ECE5: XGetDefault (in /usr/lib/x86_64-linux-gnu/libX11.so.6.3.0)
==82574==    by 0x55B3262: _XcursorGetDisplayInfo (in /usr/lib/x86_64-linux-gnu/libXcursor.so.1.0.2)
==82574==    by 0x55B32DC: XcursorSupportsARGB (in /usr/lib/x86_64-linux-gnu/libXcursor.so.1.0.2)
==82574==    by 0x55B5D84: XcursorNoticeCreateBitmap (in /usr/lib/x86_64-linux-gnu/libXcursor.so.1.0.2)
==82574== 
{
   <insert_a_suppression_name_here>
   Memcheck:Leak
   match-leak-kinds: reachable
   fun:malloc
   fun:_XlcSetConverter
   fun:_XlcDefaultLoader
   fun:_XOpenLC
   fun:_XrmInitParseInfo
   obj:/usr/lib/x86_64-linux-gnu/libX11.so.6.3.0
   fun:XrmGetStringDatabase
   obj:/usr/lib/x86_64-linux-gnu/libX11.so.6.3.0
   fun:XGetDefault
   fun:_XcursorGetDisplayInfo
   fun:XcursorSupportsARGB
   fun:XcursorNoticeCreateBitmap
}
==82574== 64 bytes in 1 blocks are still reachable in loss record 21 of 43
==82574==    at 0x483B7F3: malloc (in /usr/lib/x86_64-linux-gnu/valgrind/vgpreload_memcheck-amd64-linux.so)
==82574==    by 0x48CA8C2: _XlcSetConverter (in /usr/lib/x86_64-linux-gnu/libX11.so.6.3.0)
==82574==    by 0x48ED7DE: _XlcDefaultLoader (in /usr/lib/x86_64-linux-gnu/libX11.so.6.3.0)
==82574==    by 0x48D7995: _XOpenLC (in /usr/lib/x86_64-linux-gnu/libX11.so.6.3.0)
==82574==    by 0x48D7BAE: _XrmInitParseInfo (in /usr/lib/x86_64-linux-gnu/libX11.so.6.3.0)
==82574==    by 0x48BE704: ??? (in /usr/lib/x86_64-linux-gnu/libX11.so.6.3.0)
==82574==    by 0x48C2C22: XrmGetStringDatabase (in /usr/lib/x86_64-linux-gnu/libX11.so.6.3.0)
==82574==    by 0x489EA4C: ??? (in /usr/lib/x86_64-linux-gnu/libX11.so.6.3.0)
==82574==    by 0x489ECE5: XGetDefault (in /usr/lib/x86_64-linux-gnu/libX11.so.6.3.0)
==82574==    by 0x55B3262: _XcursorGetDisplayInfo (in /usr/lib/x86_64-linux-gnu/libXcursor.so.1.0.2)
==82574==    by 0x55B32DC: XcursorSupportsARGB (in /usr/lib/x86_64-linux-gnu/libXcursor.so.1.0.2)
==82574==    by 0x55B5D84: XcursorNoticeCreateBitmap (in /usr/lib/x86_64-linux-gnu/libXcursor.so.1.0.2)
==82574== 
{
   <insert_a_suppression_name_here>
   Memcheck:Leak
   match-leak-kinds: reachable
   fun:malloc
   fun:_XlcSetConverter
   fun:_XlcDefaultLoader
   fun:_XOpenLC
   fun:_XrmInitParseInfo
   obj:/usr/lib/x86_64-linux-gnu/libX11.so.6.3.0
   fun:XrmGetStringDatabase
   obj:/usr/lib/x86_64-linux-gnu/libX11.so.6.3.0
   fun:XGetDefault
   fun:_XcursorGetDisplayInfo
   fun:XcursorSupportsARGB
   fun:XcursorNoticeCreateBitmap
}
==82574== 64 bytes in 1 blocks are still reachable in loss record 22 of 43
==82574==    at 0x483B7F3: malloc (in /usr/lib/x86_64-linux-gnu/valgrind/vgpreload_memcheck-amd64-linux.so)
==82574==    by 0x48CA8C2: _XlcSetConverter (in /usr/lib/x86_64-linux-gnu/libX11.so.6.3.0)
==82574==    by 0x48D70A4: _XlcAddUtf8Converters (in /usr/lib/x86_64-linux-gnu/libX11.so.6.3.0)
==82574==    by 0x48ED7E6: _XlcDefaultLoader (in /usr/lib/x86_64-linux-gnu/libX11.so.6.3.0)
==82574==    by 0x48D7995: _XOpenLC (in /usr/lib/x86_64-linux-gnu/libX11.so.6.3.0)
==82574==    by 0x48D7BAE: _XrmInitParseInfo (in /usr/lib/x86_64-linux-gnu/libX11.so.6.3.0)
==82574==    by 0x48BE704: ??? (in /usr/lib/x86_64-linux-gnu/libX11.so.6.3.0)
==82574==    by 0x48C2C22: XrmGetStringDatabase (in /usr/lib/x86_64-linux-gnu/libX11.so.6.3.0)
==82574==    by 0x489EA4C: ??? (in /usr/lib/x86_64-linux-gnu/libX11.so.6.3.0)
==82574==    by 0x489ECE5: XGetDefault (in /usr/lib/x86_64-linux-gnu/libX11.so.6.3.0)
==82574==    by 0x55B3262: _XcursorGetDisplayInfo (in /usr/lib/x86_64-linux-gnu/libXcursor.so.1.0.2)
==82574==    by 0x55B32DC: XcursorSupportsARGB (in /usr/lib/x86_64-linux-gnu/libXcursor.so.1.0.2)
==82574== 
{
   <insert_a_suppression_name_here>
   Memcheck:Leak
   match-leak-kinds: reachable
   fun:malloc
   fun:_XlcSetConverter
   fun:_XlcAddUtf8Converters
   fun:_XlcDefaultLoader
   fun:_XOpenLC
   fun:_XrmInitParseInfo
   obj:/usr/lib/x86_64-linux-gnu/libX11.so.6.3.0
   fun:XrmGetStringDatabase
   obj:/usr/lib/x86_64-linux-gnu/libX11.so.6.3.0
   fun:XGetDefault
   fun:_XcursorGetDisplayInfo
   fun:XcursorSupportsARGB
}
==82574== 64 bytes in 1 blocks are still reachable in loss record 23 of 43
==82574==    at 0x483B7F3: malloc (in /usr/lib/x86_64-linux-gnu/valgrind/vgpreload_memcheck-amd64-linux.so)
==82574==    by 0x48CA8C2: _XlcSetConverter (in /usr/lib/x86_64-linux-gnu/libX11.so.6.3.0)
==82574==    by 0x48D70C4: _XlcAddUtf8Converters (in /usr/lib/x86_64-linux-gnu/libX11.so.6.3.0)
==82574==    by 0x48ED7E6: _XlcDefaultLoader (in /usr/lib/x86_64-linux-gnu/libX11.so.6.3.0)
==82574==    by 0x48D7995: _XOpenLC (in /usr/lib/x86_64-linux-gnu/libX11.so.6.3.0)
==82574==    by 0x48D7BAE: _XrmInitParseInfo (in /usr/lib/x86_64-linux-gnu/libX11.so.6.3.0)
==82574==    by 0x48BE704: ??? (in /usr/lib/x86_64-linux-gnu/libX11.so.6.3.0)
==82574==    by 0x48C2C22: XrmGetStringDatabase (in /usr/lib/x86_64-linux-gnu/libX11.so.6.3.0)
==82574==    by 0x489EA4C: ??? (in /usr/lib/x86_64-linux-gnu/libX11.so.6.3.0)
==82574==    by 0x489ECE5: XGetDefault (in /usr/lib/x86_64-linux-gnu/libX11.so.6.3.0)
==82574==    by 0x55B3262: _XcursorGetDisplayInfo (in /usr/lib/x86_64-linux-gnu/libXcursor.so.1.0.2)
==82574==    by 0x55B32DC: XcursorSupportsARGB (in /usr/lib/x86_64-linux-gnu/libXcursor.so.1.0.2)
==82574== 
{
   <insert_a_suppression_name_here>
   Memcheck:Leak
   match-leak-kinds: reachable
   fun:malloc
   fun:_XlcSetConverter
   fun:_XlcAddUtf8Converters
   fun:_XlcDefaultLoader
   fun:_XOpenLC
   fun:_XrmInitParseInfo
   obj:/usr/lib/x86_64-linux-gnu/libX11.so.6.3.0
   fun:XrmGetStringDatabase
   obj:/usr/lib/x86_64-linux-gnu/libX11.so.6.3.0
   fun:XGetDefault
   fun:_XcursorGetDisplayInfo
   fun:XcursorSupportsARGB
}
==82574== 64 bytes in 1 blocks are still reachable in loss record 24 of 43
==82574==    at 0x483B7F3: malloc (in /usr/lib/x86_64-linux-gnu/valgrind/vgpreload_memcheck-amd64-linux.so)
==82574==    by 0x48CA8C2: _XlcSetConverter (in /usr/lib/x86_64-linux-gnu/libX11.so.6.3.0)
==82574==    by 0x48D70E4: _XlcAddUtf8Converters (in /usr/lib/x86_64-linux-gnu/libX11.so.6.3.0)
==82574==    by 0x48ED7E6: _XlcDefaultLoader (in /usr/lib/x86_64-linux-gnu/libX11.so.6.3.0)
==82574==    by 0x48D7995: _XOpenLC (in /usr/lib/x86_64-linux-gnu/libX11.so.6.3.0)
==82574==    by 0x48D7BAE: _XrmInitParseInfo (in /usr/lib/x86_64-linux-gnu/libX11.so.6.3.0)
==82574==    by 0x48BE704: ??? (in /usr/lib/x86_64-linux-gnu/libX11.so.6.3.0)
==82574==    by 0x48C2C22: XrmGetStringDatabase (in /usr/lib/x86_64-linux-gnu/libX11.so.6.3.0)
==82574==    by 0x489EA4C: ??? (in /usr/lib/x86_64-linux-gnu/libX11.so.6.3.0)
==82574==    by 0x489ECE5: XGetDefault (in /usr/lib/x86_64-linux-gnu/libX11.so.6.3.0)
==82574==    by 0x55B3262: _XcursorGetDisplayInfo (in /usr/lib/x86_64-linux-gnu/libXcursor.so.1.0.2)
==82574==    by 0x55B32DC: XcursorSupportsARGB (in /usr/lib/x86_64-linux-gnu/libXcursor.so.1.0.2)
==82574== 
{
   <insert_a_suppression_name_here>
   Memcheck:Leak
   match-leak-kinds: reachable
   fun:malloc
   fun:_XlcSetConverter
   fun:_XlcAddUtf8Converters
   fun:_XlcDefaultLoader
   fun:_XOpenLC
   fun:_XrmInitParseInfo
   obj:/usr/lib/x86_64-linux-gnu/libX11.so.6.3.0
   fun:XrmGetStringDatabase
   obj:/usr/lib/x86_64-linux-gnu/libX11.so.6.3.0
   fun:XGetDefault
   fun:_XcursorGetDisplayInfo
   fun:XcursorSupportsARGB
}
==82574== 64 bytes in 1 blocks are still reachable in loss record 25 of 43
==82574==    at 0x483B7F3: malloc (in /usr/lib/x86_64-linux-gnu/valgrind/vgpreload_memcheck-amd64-linux.so)
==82574==    by 0x48CA8C2: _XlcSetConverter (in /usr/lib/x86_64-linux-gnu/libX11.so.6.3.0)
==82574==    by 0x48D7104: _XlcAddUtf8Converters (in /usr/lib/x86_64-linux-gnu/libX11.so.6.3.0)
==82574==    by 0x48ED7E6: _XlcDefaultLoader (in /usr/lib/x86_64-linux-gnu/libX11.so.6.3.0)
==82574==    by 0x48D7995: _XOpenLC (in /usr/lib/x86_64-linux-gnu/libX11.so.6.3.0)
==82574==    by 0x48D7BAE: _XrmInitParseInfo (in /usr/lib/x86_64-linux-gnu/libX11.so.6.3.0)
==82574==    by 0x48BE704: ??? (in /usr/lib/x86_64-linux-gnu/libX11.so.6.3.0)
==82574==    by 0x48C2C22: XrmGetStringDatabase (in /usr/lib/x86_64-linux-gnu/libX11.so.6.3.0)
==82574==    by 0x489EA4C: ??? (in /usr/lib/x86_64-linux-gnu/libX11.so.6.3.0)
==82574==    by 0x489ECE5: XGetDefault (in /usr/lib/x86_64-linux-gnu/libX11.so.6.3.0)
==82574==    by 0x55B3262: _XcursorGetDisplayInfo (in /usr/lib/x86_64-linux-gnu/libXcursor.so.1.0.2)
==82574==    by 0x55B32DC: XcursorSupportsARGB (in /usr/lib/x86_64-linux-gnu/libXcursor.so.1.0.2)
==82574== 
{
   <insert_a_suppression_name_here>
   Memcheck:Leak
   match-leak-kinds: reachable
   fun:malloc
   fun:_XlcSetConverter
   fun:_XlcAddUtf8Converters
   fun:_XlcDefaultLoader
   fun:_XOpenLC
   fun:_XrmInitParseInfo
   obj:/usr/lib/x86_64-linux-gnu/libX11.so.6.3.0
   fun:XrmGetStringDatabase
   obj:/usr/lib/x86_64-linux-gnu/libX11.so.6.3.0
   fun:XGetDefault
   fun:_XcursorGetDisplayInfo
   fun:XcursorSupportsARGB
}
==82574== 64 bytes in 1 blocks are still reachable in loss record 26 of 43
==82574==    at 0x483B7F3: malloc (in /usr/lib/x86_64-linux-gnu/valgrind/vgpreload_memcheck-amd64-linux.so)
==82574==    by 0x48CA8C2: _XlcSetConverter (in /usr/lib/x86_64-linux-gnu/libX11.so.6.3.0)
==82574==    by 0x48D7124: _XlcAddUtf8Converters (in /usr/lib/x86_64-linux-gnu/libX11.so.6.3.0)
==82574==    by 0x48ED7E6: _XlcDefaultLoader (in /usr/lib/x86_64-linux-gnu/libX11.so.6.3.0)
==82574==    by 0x48D7995: _XOpenLC (in /usr/lib/x86_64-linux-gnu/libX11.so.6.3.0)
==82574==    by 0x48D7BAE: _XrmInitParseInfo (in /usr/lib/x86_64-linux-gnu/libX11.so.6.3.0)
==82574==    by 0x48BE704: ??? (in /usr/lib/x86_64-linux-gnu/libX11.so.6.3.0)
==82574==    by 0x48C2C22: XrmGetStringDatabase (in /usr/lib/x86_64-linux-gnu/libX11.so.6.3.0)
==82574==    by 0x489EA4C: ??? (in /usr/lib/x86_64-linux-gnu/libX11.so.6.3.0)
==82574==    by 0x489ECE5: XGetDefault (in /usr/lib/x86_64-linux-gnu/libX11.so.6.3.0)
==82574==    by 0x55B3262: _XcursorGetDisplayInfo (in /usr/lib/x86_64-linux-gnu/libXcursor.so.1.0.2)
==82574==    by 0x55B32DC: XcursorSupportsARGB (in /usr/lib/x86_64-linux-gnu/libXcursor.so.1.0.2)
==82574== 
{
   <insert_a_suppression_name_here>
   Memcheck:Leak
   match-leak-kinds: reachable
   fun:malloc
   fun:_XlcSetConverter
   fun:_XlcAddUtf8Converters
   fun:_XlcDefaultLoader
   fun:_XOpenLC
   fun:_XrmInitParseInfo
   obj:/usr/lib/x86_64-linux-gnu/libX11.so.6.3.0
   fun:XrmGetStringDatabase
   obj:/usr/lib/x86_64-linux-gnu/libX11.so.6.3.0
   fun:XGetDefault
   fun:_XcursorGetDisplayInfo
   fun:XcursorSupportsARGB
}
==82574== 64 bytes in 1 blocks are still reachable in loss record 27 of 43
==82574==    at 0x483B7F3: malloc (in /usr/lib/x86_64-linux-gnu/valgrind/vgpreload_memcheck-amd64-linux.so)
==82574==    by 0x48CA8C2: _XlcSetConverter (in /usr/lib/x86_64-linux-gnu/libX11.so.6.3.0)
==82574==    by 0x48D7144: _XlcAddUtf8Converters (in /usr/lib/x86_64-linux-gnu/libX11.so.6.3.0)
==82574==    by 0x48ED7E6: _XlcDefaultLoader (in /usr/lib/x86_64-linux-gnu/libX11.so.6.3.0)
==82574==    by 0x48D7995: _XOpenLC (in /usr/lib/x86_64-linux-gnu/libX11.so.6.3.0)
==82574==    by 0x48D7BAE: _XrmInitParseInfo (in /usr/lib/x86_64-linux-gnu/libX11.so.6.3.0)
==82574==    by 0x48BE704: ??? (in /usr/lib/x86_64-linux-gnu/libX11.so.6.3.0)
==82574==    by 0x48C2C22: XrmGetStringDatabase (in /usr/lib/x86_64-linux-gnu/libX11.so.6.3.0)
==82574==    by 0x489EA4C: ??? (in /usr/lib/x86_64-linux-gnu/libX11.so.6.3.0)
==82574==    by 0x489ECE5: XGetDefault (in /usr/lib/x86_64-linux-gnu/libX11.so.6.3.0)
==82574==    by 0x55B3262: _XcursorGetDisplayInfo (in /usr/lib/x86_64-linux-gnu/libXcursor.so.1.0.2)
==82574==    by 0x55B32DC: XcursorSupportsARGB (in /usr/lib/x86_64-linux-gnu/libXcursor.so.1.0.2)
==82574== 
{
   <insert_a_suppression_name_here>
   Memcheck:Leak
   match-leak-kinds: reachable
   fun:malloc
   fun:_XlcSetConverter
   fun:_XlcAddUtf8Converters
   fun:_XlcDefaultLoader
   fun:_XOpenLC
   fun:_XrmInitParseInfo
   obj:/usr/lib/x86_64-linux-gnu/libX11.so.6.3.0
   fun:XrmGetStringDatabase
   obj:/usr/lib/x86_64-linux-gnu/libX11.so.6.3.0
   fun:XGetDefault
   fun:_XcursorGetDisplayInfo
   fun:XcursorSupportsARGB
}
==82574== 64 bytes in 1 blocks are still reachable in loss record 28 of 43
==82574==    at 0x483B7F3: malloc (in /usr/lib/x86_64-linux-gnu/valgrind/vgpreload_memcheck-amd64-linux.so)
==82574==    by 0x48CA8C2: _XlcSetConverter (in /usr/lib/x86_64-linux-gnu/libX11.so.6.3.0)
==82574==    by 0x48ED7E6: _XlcDefaultLoader (in /usr/lib/x86_64-linux-gnu/libX11.so.6.3.0)
==82574==    by 0x48D7995: _XOpenLC (in /usr/lib/x86_64-linux-gnu/libX11.so.6.3.0)
==82574==    by 0x48D7BAE: _XrmInitParseInfo (in /usr/lib/x86_64-linux-gnu/libX11.so.6.3.0)
==82574==    by 0x48BE704: ??? (in /usr/lib/x86_64-linux-gnu/libX11.so.6.3.0)
==82574==    by 0x48C2C22: XrmGetStringDatabase (in /usr/lib/x86_64-linux-gnu/libX11.so.6.3.0)
==82574==    by 0x489EA4C: ??? (in /usr/lib/x86_64-linux-gnu/libX11.so.6.3.0)
==82574==    by 0x489ECE5: XGetDefault (in /usr/lib/x86_64-linux-gnu/libX11.so.6.3.0)
==82574==    by 0x55B3262: _XcursorGetDisplayInfo (in /usr/lib/x86_64-linux-gnu/libXcursor.so.1.0.2)
==82574==    by 0x55B32DC: XcursorSupportsARGB (in /usr/lib/x86_64-linux-gnu/libXcursor.so.1.0.2)
==82574==    by 0x55B5D84: XcursorNoticeCreateBitmap (in /usr/lib/x86_64-linux-gnu/libXcursor.so.1.0.2)
==82574== 
{
   <insert_a_suppression_name_here>
   Memcheck:Leak
   match-leak-kinds: reachable
   fun:malloc
   fun:_XlcSetConverter
   fun:_XlcDefaultLoader
   fun:_XOpenLC
   fun:_XrmInitParseInfo
   obj:/usr/lib/x86_64-linux-gnu/libX11.so.6.3.0
   fun:XrmGetStringDatabase
   obj:/usr/lib/x86_64-linux-gnu/libX11.so.6.3.0
   fun:XGetDefault
   fun:_XcursorGetDisplayInfo
   fun:XcursorSupportsARGB
   fun:XcursorNoticeCreateBitmap
}
==82574== 75 bytes in 2 blocks are still reachable in loss record 29 of 43
==82574==    at 0x483B7F3: malloc (in /usr/lib/x86_64-linux-gnu/valgrind/vgpreload_memcheck-amd64-linux.so)
==82574==    by 0x401F5DE: strdup (strdup.c:42)
==82574==    by 0x4019A91: _dl_load_cache_lookup (dl-cache.c:338)
==82574==    by 0x400A989: _dl_map_object (dl-load.c:2102)
==82574==    by 0x400F514: openaux (dl-deps.c:64)
==82574==    by 0x4C68927: _dl_catch_exception (dl-error-skeleton.c:208)
==82574==    by 0x400F962: _dl_map_object_deps (dl-deps.c:248)
==82574==    by 0x4015DAF: dl_open_worker (dl-open.c:571)
==82574==    by 0x4C68927: _dl_catch_exception (dl-error-skeleton.c:208)
==82574==    by 0x4015609: _dl_open (dl-open.c:837)
==82574==    by 0x4D2734B: dlopen_doit (dlopen.c:66)
==82574==    by 0x4C68927: _dl_catch_exception (dl-error-skeleton.c:208)
==82574== 
{
   <insert_a_suppression_name_here>
   Memcheck:Leak
   match-leak-kinds: reachable
   fun:malloc
   fun:strdup
   fun:_dl_load_cache_lookup
   fun:_dl_map_object
   fun:openaux
   fun:_dl_catch_exception
   fun:_dl_map_object_deps
   fun:dl_open_worker
   fun:_dl_catch_exception
   fun:_dl_open
   fun:dlopen_doit
   fun:_dl_catch_exception
}
==82574== 75 bytes in 2 blocks are still reachable in loss record 30 of 43
==82574==    at 0x483B7F3: malloc (in /usr/lib/x86_64-linux-gnu/valgrind/vgpreload_memcheck-amd64-linux.so)
==82574==    by 0x400D5B7: _dl_new_object (dl-object.c:196)
==82574==    by 0x4006E96: _dl_map_object_from_fd (dl-load.c:997)
==82574==    by 0x400A61A: _dl_map_object (dl-load.c:2236)
==82574==    by 0x400F514: openaux (dl-deps.c:64)
==82574==    by 0x4C68927: _dl_catch_exception (dl-error-skeleton.c:208)
==82574==    by 0x400F962: _dl_map_object_deps (dl-deps.c:248)
==82574==    by 0x4015DAF: dl_open_worker (dl-open.c:571)
==82574==    by 0x4C68927: _dl_catch_exception (dl-error-skeleton.c:208)
==82574==    by 0x4015609: _dl_open (dl-open.c:837)
==82574==    by 0x4D2734B: dlopen_doit (dlopen.c:66)
==82574==    by 0x4C68927: _dl_catch_exception (dl-error-skeleton.c:208)
==82574== 
{
   <insert_a_suppression_name_here>
   Memcheck:Leak
   match-leak-kinds: reachable
   fun:malloc
   fun:_dl_new_object
   fun:_dl_map_object_from_fd
   fun:_dl_map_object
   fun:openaux
   fun:_dl_catch_exception
   fun:_dl_map_object_deps
   fun:dl_open_worker
   fun:_dl_catch_exception
   fun:_dl_open
   fun:dlopen_doit
   fun:_dl_catch_exception
}
==82574== 352 bytes in 4 blocks are still reachable in loss record 31 of 43
==82574==    at 0x483DD99: calloc (in /usr/lib/x86_64-linux-gnu/valgrind/vgpreload_memcheck-amd64-linux.so)
==82574==    by 0x40A8EB: mlx_int_new_xshm_image (in /mnt/nfs/homes/mbraets/projects/cub3d/cub3d)
==82574==    by 0x40AC12: mlx_new_image (in /mnt/nfs/homes/mbraets/projects/cub3d/cub3d)
==82574==    by 0x40B4F7: mlx_int_parse_xpm (in /mnt/nfs/homes/mbraets/projects/cub3d/cub3d)
==82574==    by 0x40B931: mlx_xpm_file_to_image (in /mnt/nfs/homes/mbraets/projects/cub3d/cub3d)
==82574==    by 0x407FFA: init_sprites_text (init_bonus.c:25)
==82574==    by 0x402769: main (main.c:30)
==82574== 
{
   <insert_a_suppression_name_here>
   Memcheck:Leak
   match-leak-kinds: reachable
   fun:calloc
   fun:mlx_int_new_xshm_image
   fun:mlx_new_image
   fun:mlx_int_parse_xpm
   fun:mlx_xpm_file_to_image
   fun:init_sprites_text
   fun:main
}
==82574== 384 bytes in 3 blocks are still reachable in loss record 32 of 43
==82574==    at 0x483DD99: calloc (in /usr/lib/x86_64-linux-gnu/valgrind/vgpreload_memcheck-amd64-linux.so)
==82574==    by 0x401331C: _dl_check_map_versions (dl-version.c:274)
==82574==    by 0x40160FC: dl_open_worker (dl-open.c:577)
==82574==    by 0x4C68927: _dl_catch_exception (dl-error-skeleton.c:208)
==82574==    by 0x4015609: _dl_open (dl-open.c:837)
==82574==    by 0x4D2734B: dlopen_doit (dlopen.c:66)
==82574==    by 0x4C68927: _dl_catch_exception (dl-error-skeleton.c:208)
==82574==    by 0x4C689F2: _dl_catch_error (dl-error-skeleton.c:227)
==82574==    by 0x4D27B58: _dlerror_run (dlerror.c:170)
==82574==    by 0x4D273D9: dlopen@@GLIBC_2.2.5 (dlopen.c:87)
==82574==    by 0x4898AC1: ??? (in /usr/lib/x86_64-linux-gnu/libX11.so.6.3.0)
==82574==    by 0x4898BEE: _XNoticeCreateBitmap (in /usr/lib/x86_64-linux-gnu/libX11.so.6.3.0)
==82574== 
{
   <insert_a_suppression_name_here>
   Memcheck:Leak
   match-leak-kinds: reachable
   fun:calloc
   fun:_dl_check_map_versions
   fun:dl_open_worker
   fun:_dl_catch_exception
   fun:_dl_open
   fun:dlopen_doit
   fun:_dl_catch_exception
   fun:_dl_catch_error
   fun:_dlerror_run
   fun:dlopen@@GLIBC_2.2.5
   obj:/usr/lib/x86_64-linux-gnu/libX11.so.6.3.0
   fun:_XNoticeCreateBitmap
}
==82574== 544 bytes in 4 blocks are still reachable in loss record 33 of 43
==82574==    at 0x483DD99: calloc (in /usr/lib/x86_64-linux-gnu/valgrind/vgpreload_memcheck-amd64-linux.so)
==82574==    by 0x4870BB3: XShmCreateImage (in /usr/lib/x86_64-linux-gnu/libXext.so.6.4.0)
==82574==    by 0x40A916: mlx_int_new_xshm_image (in /mnt/nfs/homes/mbraets/projects/cub3d/cub3d)
==82574==    by 0x40AC12: mlx_new_image (in /mnt/nfs/homes/mbraets/projects/cub3d/cub3d)
==82574==    by 0x40B4F7: mlx_int_parse_xpm (in /mnt/nfs/homes/mbraets/projects/cub3d/cub3d)
==82574==    by 0x40B931: mlx_xpm_file_to_image (in /mnt/nfs/homes/mbraets/projects/cub3d/cub3d)
==82574==    by 0x407FFA: init_sprites_text (init_bonus.c:25)
==82574==    by 0x402769: main (main.c:30)
==82574== 
{
   <insert_a_suppression_name_here>
   Memcheck:Leak
   match-leak-kinds: reachable
   fun:calloc
   fun:XShmCreateImage
   fun:mlx_int_new_xshm_image
   fun:mlx_new_image
   fun:mlx_int_parse_xpm
   fun:mlx_xpm_file_to_image
   fun:init_sprites_text
   fun:main
}
==82574== 633 bytes in 49 blocks are still reachable in loss record 34 of 43
==82574==    at 0x483B7F3: malloc (in /usr/lib/x86_64-linux-gnu/valgrind/vgpreload_memcheck-amd64-linux.so)
==82574==    by 0x48CA4A1: _XlcCreateDefaultCharSet (in /usr/lib/x86_64-linux-gnu/libX11.so.6.3.0)
==82574==    by 0x48CA042: _XlcAddCT (in /usr/lib/x86_64-linux-gnu/libX11.so.6.3.0)
==82574==    by 0x48CA0C7: _XlcInitCTInfo (in /usr/lib/x86_64-linux-gnu/libX11.so.6.3.0)
==82574==    by 0x48D0276: ??? (in /usr/lib/x86_64-linux-gnu/libX11.so.6.3.0)
==82574==    by 0x48CF956: ??? (in /usr/lib/x86_64-linux-gnu/libX11.so.6.3.0)
==82574==    by 0x48D015C: _XlcCreateLC (in /usr/lib/x86_64-linux-gnu/libX11.so.6.3.0)
==82574==    by 0x48F1694: _XlcUtf8Loader (in /usr/lib/x86_64-linux-gnu/libX11.so.6.3.0)
==82574==    by 0x48D7995: _XOpenLC (in /usr/lib/x86_64-linux-gnu/libX11.so.6.3.0)
==82574==    by 0x48D7BAE: _XrmInitParseInfo (in /usr/lib/x86_64-linux-gnu/libX11.so.6.3.0)
==82574==    by 0x48BE704: ??? (in /usr/lib/x86_64-linux-gnu/libX11.so.6.3.0)
==82574==    by 0x48C2C22: XrmGetStringDatabase (in /usr/lib/x86_64-linux-gnu/libX11.so.6.3.0)
==82574== 
{
   <insert_a_suppression_name_here>
   Memcheck:Leak
   match-leak-kinds: reachable
   fun:malloc
   fun:_XlcCreateDefaultCharSet
   fun:_XlcAddCT
   fun:_XlcInitCTInfo
   obj:/usr/lib/x86_64-linux-gnu/libX11.so.6.3.0
   obj:/usr/lib/x86_64-linux-gnu/libX11.so.6.3.0
   fun:_XlcCreateLC
   fun:_XlcUtf8Loader
   fun:_XOpenLC
   fun:_XrmInitParseInfo
   obj:/usr/lib/x86_64-linux-gnu/libX11.so.6.3.0
   fun:XrmGetStringDatabase
}
==82574== 800 bytes in 50 blocks are still reachable in loss record 35 of 43
==82574==    at 0x483B7F3: malloc (in /usr/lib/x86_64-linux-gnu/valgrind/vgpreload_memcheck-amd64-linux.so)
==82574==    by 0x48CA239: _XlcAddCharSet (in /usr/lib/x86_64-linux-gnu/libX11.so.6.3.0)
==82574==    by 0x48CA056: _XlcAddCT (in /usr/lib/x86_64-linux-gnu/libX11.so.6.3.0)
==82574==    by 0x48CA0C7: _XlcInitCTInfo (in /usr/lib/x86_64-linux-gnu/libX11.so.6.3.0)
==82574==    by 0x48D0276: ??? (in /usr/lib/x86_64-linux-gnu/libX11.so.6.3.0)
==82574==    by 0x48CF956: ??? (in /usr/lib/x86_64-linux-gnu/libX11.so.6.3.0)
==82574==    by 0x48D015C: _XlcCreateLC (in /usr/lib/x86_64-linux-gnu/libX11.so.6.3.0)
==82574==    by 0x48F1694: _XlcUtf8Loader (in /usr/lib/x86_64-linux-gnu/libX11.so.6.3.0)
==82574==    by 0x48D7995: _XOpenLC (in /usr/lib/x86_64-linux-gnu/libX11.so.6.3.0)
==82574==    by 0x48D7BAE: _XrmInitParseInfo (in /usr/lib/x86_64-linux-gnu/libX11.so.6.3.0)
==82574==    by 0x48BE704: ??? (in /usr/lib/x86_64-linux-gnu/libX11.so.6.3.0)
==82574==    by 0x48C2C22: XrmGetStringDatabase (in /usr/lib/x86_64-linux-gnu/libX11.so.6.3.0)
==82574== 
{
   <insert_a_suppression_name_here>
   Memcheck:Leak
   match-leak-kinds: reachable
   fun:malloc
   fun:_XlcAddCharSet
   fun:_XlcAddCT
   fun:_XlcInitCTInfo
   obj:/usr/lib/x86_64-linux-gnu/libX11.so.6.3.0
   obj:/usr/lib/x86_64-linux-gnu/libX11.so.6.3.0
   fun:_XlcCreateLC
   fun:_XlcUtf8Loader
   fun:_XOpenLC
   fun:_XrmInitParseInfo
   obj:/usr/lib/x86_64-linux-gnu/libX11.so.6.3.0
   fun:XrmGetStringDatabase
}
==82574== 1,028 bytes in 50 blocks are still reachable in loss record 36 of 43
==82574==    at 0x483B7F3: malloc (in /usr/lib/x86_64-linux-gnu/valgrind/vgpreload_memcheck-amd64-linux.so)
==82574==    by 0x48CA434: _XlcCreateDefaultCharSet (in /usr/lib/x86_64-linux-gnu/libX11.so.6.3.0)
==82574==    by 0x48CA042: _XlcAddCT (in /usr/lib/x86_64-linux-gnu/libX11.so.6.3.0)
==82574==    by 0x48CA0C7: _XlcInitCTInfo (in /usr/lib/x86_64-linux-gnu/libX11.so.6.3.0)
==82574==    by 0x48D0276: ??? (in /usr/lib/x86_64-linux-gnu/libX11.so.6.3.0)
==82574==    by 0x48CF956: ??? (in /usr/lib/x86_64-linux-gnu/libX11.so.6.3.0)
==82574==    by 0x48D015C: _XlcCreateLC (in /usr/lib/x86_64-linux-gnu/libX11.so.6.3.0)
==82574==    by 0x48F1694: _XlcUtf8Loader (in /usr/lib/x86_64-linux-gnu/libX11.so.6.3.0)
==82574==    by 0x48D7995: _XOpenLC (in /usr/lib/x86_64-linux-gnu/libX11.so.6.3.0)
==82574==    by 0x48D7BAE: _XrmInitParseInfo (in /usr/lib/x86_64-linux-gnu/libX11.so.6.3.0)
==82574==    by 0x48BE704: ??? (in /usr/lib/x86_64-linux-gnu/libX11.so.6.3.0)
==82574==    by 0x48C2C22: XrmGetStringDatabase (in /usr/lib/x86_64-linux-gnu/libX11.so.6.3.0)
==82574== 
{
   <insert_a_suppression_name_here>
   Memcheck:Leak
   match-leak-kinds: reachable
   fun:malloc
   fun:_XlcCreateDefaultCharSet
   fun:_XlcAddCT
   fun:_XlcInitCTInfo
   obj:/usr/lib/x86_64-linux-gnu/libX11.so.6.3.0
   obj:/usr/lib/x86_64-linux-gnu/libX11.so.6.3.0
   fun:_XlcCreateLC
   fun:_XlcUtf8Loader
   fun:_XOpenLC
   fun:_XrmInitParseInfo
   obj:/usr/lib/x86_64-linux-gnu/libX11.so.6.3.0
   fun:XrmGetStringDatabase
}
==82574== 1,200 bytes in 1 blocks are still reachable in loss record 37 of 43
==82574==    at 0x483DD99: calloc (in /usr/lib/x86_64-linux-gnu/valgrind/vgpreload_memcheck-amd64-linux.so)
==82574==    by 0x400D283: _dl_new_object (dl-object.c:89)
==82574==    by 0x4006E96: _dl_map_object_from_fd (dl-load.c:997)
==82574==    by 0x400A61A: _dl_map_object (dl-load.c:2236)
==82574==    by 0x4015D46: dl_open_worker (dl-open.c:513)
==82574==    by 0x4C68927: _dl_catch_exception (dl-error-skeleton.c:208)
==82574==    by 0x4015609: _dl_open (dl-open.c:837)
==82574==    by 0x4D2734B: dlopen_doit (dlopen.c:66)
==82574==    by 0x4C68927: _dl_catch_exception (dl-error-skeleton.c:208)
==82574==    by 0x4C689F2: _dl_catch_error (dl-error-skeleton.c:227)
==82574==    by 0x4D27B58: _dlerror_run (dlerror.c:170)
==82574==    by 0x4D273D9: dlopen@@GLIBC_2.2.5 (dlopen.c:87)
==82574== 
{
   <insert_a_suppression_name_here>
   Memcheck:Leak
   match-leak-kinds: reachable
   fun:calloc
   fun:_dl_new_object
   fun:_dl_map_object_from_fd
   fun:_dl_map_object
   fun:dl_open_worker
   fun:_dl_catch_exception
   fun:_dl_open
   fun:dlopen_doit
   fun:_dl_catch_exception
   fun:_dl_catch_error
   fun:_dlerror_run
   fun:dlopen@@GLIBC_2.2.5
}
==82574== 2,048 bytes in 1 blocks are still reachable in loss record 38 of 43
==82574==    at 0x483B7F3: malloc (in /usr/lib/x86_64-linux-gnu/valgrind/vgpreload_memcheck-amd64-linux.so)
==82574==    by 0x48CC4A6: _XlcCreateLocaleDataBase (in /usr/lib/x86_64-linux-gnu/libX11.so.6.3.0)
==82574==    by 0x48D03BF: ??? (in /usr/lib/x86_64-linux-gnu/libX11.so.6.3.0)
==82574==    by 0x48CF956: ??? (in /usr/lib/x86_64-linux-gnu/libX11.so.6.3.0)
==82574==    by 0x48D015C: _XlcCreateLC (in /usr/lib/x86_64-linux-gnu/libX11.so.6.3.0)
==82574==    by 0x48F1694: _XlcUtf8Loader (in /usr/lib/x86_64-linux-gnu/libX11.so.6.3.0)
==82574==    by 0x48D7995: _XOpenLC (in /usr/lib/x86_64-linux-gnu/libX11.so.6.3.0)
==82574==    by 0x48D7BAE: _XrmInitParseInfo (in /usr/lib/x86_64-linux-gnu/libX11.so.6.3.0)
==82574==    by 0x48BE704: ??? (in /usr/lib/x86_64-linux-gnu/libX11.so.6.3.0)
==82574==    by 0x48C2C22: XrmGetStringDatabase (in /usr/lib/x86_64-linux-gnu/libX11.so.6.3.0)
==82574==    by 0x489EA4C: ??? (in /usr/lib/x86_64-linux-gnu/libX11.so.6.3.0)
==82574==    by 0x489ECE5: XGetDefault (in /usr/lib/x86_64-linux-gnu/libX11.so.6.3.0)
==82574== 
{
   <insert_a_suppression_name_here>
   Memcheck:Leak
   match-leak-kinds: reachable
   fun:malloc
   fun:_XlcCreateLocaleDataBase
   obj:/usr/lib/x86_64-linux-gnu/libX11.so.6.3.0
   obj:/usr/lib/x86_64-linux-gnu/libX11.so.6.3.0
   fun:_XlcCreateLC
   fun:_XlcUtf8Loader
   fun:_XOpenLC
   fun:_XrmInitParseInfo
   obj:/usr/lib/x86_64-linux-gnu/libX11.so.6.3.0
   fun:XrmGetStringDatabase
   obj:/usr/lib/x86_64-linux-gnu/libX11.so.6.3.0
   fun:XGetDefault
}
==82574== 2,399 bytes in 2 blocks are still reachable in loss record 39 of 43
==82574==    at 0x483DD99: calloc (in /usr/lib/x86_64-linux-gnu/valgrind/vgpreload_memcheck-amd64-linux.so)
==82574==    by 0x400D283: _dl_new_object (dl-object.c:89)
==82574==    by 0x4006E96: _dl_map_object_from_fd (dl-load.c:997)
==82574==    by 0x400A61A: _dl_map_object (dl-load.c:2236)
==82574==    by 0x400F514: openaux (dl-deps.c:64)
==82574==    by 0x4C68927: _dl_catch_exception (dl-error-skeleton.c:208)
==82574==    by 0x400F962: _dl_map_object_deps (dl-deps.c:248)
==82574==    by 0x4015DAF: dl_open_worker (dl-open.c:571)
==82574==    by 0x4C68927: _dl_catch_exception (dl-error-skeleton.c:208)
==82574==    by 0x4015609: _dl_open (dl-open.c:837)
==82574==    by 0x4D2734B: dlopen_doit (dlopen.c:66)
==82574==    by 0x4C68927: _dl_catch_exception (dl-error-skeleton.c:208)
==82574== 
{
   <insert_a_suppression_name_here>
   Memcheck:Leak
   match-leak-kinds: reachable
   fun:calloc
   fun:_dl_new_object
   fun:_dl_map_object_from_fd
   fun:_dl_map_object
   fun:openaux
   fun:_dl_catch_exception
   fun:_dl_map_object_deps
   fun:dl_open_worker
   fun:_dl_catch_exception
   fun:_dl_open
   fun:dlopen_doit
   fun:_dl_catch_exception
}
==82574== 2,631 bytes in 50 blocks are still reachable in loss record 40 of 43
==82574==    at 0x483B7F3: malloc (in /usr/lib/x86_64-linux-gnu/valgrind/vgpreload_memcheck-amd64-linux.so)
==82574==    by 0x48C9DCF: _XlcAddCT (in /usr/lib/x86_64-linux-gnu/libX11.so.6.3.0)
==82574==    by 0x48CA0C7: _XlcInitCTInfo (in /usr/lib/x86_64-linux-gnu/libX11.so.6.3.0)
==82574==    by 0x48D0276: ??? (in /usr/lib/x86_64-linux-gnu/libX11.so.6.3.0)
==82574==    by 0x48CF956: ??? (in /usr/lib/x86_64-linux-gnu/libX11.so.6.3.0)
==82574==    by 0x48D015C: _XlcCreateLC (in /usr/lib/x86_64-linux-gnu/libX11.so.6.3.0)
==82574==    by 0x48F1694: _XlcUtf8Loader (in /usr/lib/x86_64-linux-gnu/libX11.so.6.3.0)
==82574==    by 0x48D7995: _XOpenLC (in /usr/lib/x86_64-linux-gnu/libX11.so.6.3.0)
==82574==    by 0x48D7BAE: _XrmInitParseInfo (in /usr/lib/x86_64-linux-gnu/libX11.so.6.3.0)
==82574==    by 0x48BE704: ??? (in /usr/lib/x86_64-linux-gnu/libX11.so.6.3.0)
==82574==    by 0x48C2C22: XrmGetStringDatabase (in /usr/lib/x86_64-linux-gnu/libX11.so.6.3.0)
==82574==    by 0x489EA4C: ??? (in /usr/lib/x86_64-linux-gnu/libX11.so.6.3.0)
==82574== 
{
   <insert_a_suppression_name_here>
   Memcheck:Leak
   match-leak-kinds: reachable
   fun:malloc
   fun:_XlcAddCT
   fun:_XlcInitCTInfo
   obj:/usr/lib/x86_64-linux-gnu/libX11.so.6.3.0
   obj:/usr/lib/x86_64-linux-gnu/libX11.so.6.3.0
   fun:_XlcCreateLC
   fun:_XlcUtf8Loader
   fun:_XOpenLC
   fun:_XrmInitParseInfo
   obj:/usr/lib/x86_64-linux-gnu/libX11.so.6.3.0
   fun:XrmGetStringDatabase
   obj:/usr/lib/x86_64-linux-gnu/libX11.so.6.3.0
}
==82574== 3,600 bytes in 50 blocks are still reachable in loss record 41 of 43
==82574==    at 0x483DD99: calloc (in /usr/lib/x86_64-linux-gnu/valgrind/vgpreload_memcheck-amd64-linux.so)
==82574==    by 0x48CA406: _XlcCreateDefaultCharSet (in /usr/lib/x86_64-linux-gnu/libX11.so.6.3.0)
==82574==    by 0x48CA042: _XlcAddCT (in /usr/lib/x86_64-linux-gnu/libX11.so.6.3.0)
==82574==    by 0x48CA0C7: _XlcInitCTInfo (in /usr/lib/x86_64-linux-gnu/libX11.so.6.3.0)
==82574==    by 0x48D0276: ??? (in /usr/lib/x86_64-linux-gnu/libX11.so.6.3.0)
==82574==    by 0x48CF956: ??? (in /usr/lib/x86_64-linux-gnu/libX11.so.6.3.0)
==82574==    by 0x48D015C: _XlcCreateLC (in /usr/lib/x86_64-linux-gnu/libX11.so.6.3.0)
==82574==    by 0x48F1694: _XlcUtf8Loader (in /usr/lib/x86_64-linux-gnu/libX11.so.6.3.0)
==82574==    by 0x48D7995: _XOpenLC (in /usr/lib/x86_64-linux-gnu/libX11.so.6.3.0)
==82574==    by 0x48D7BAE: _XrmInitParseInfo (in /usr/lib/x86_64-linux-gnu/libX11.so.6.3.0)
==82574==    by 0x48BE704: ??? (in /usr/lib/x86_64-linux-gnu/libX11.so.6.3.0)
==82574==    by 0x48C2C22: XrmGetStringDatabase (in /usr/lib/x86_64-linux-gnu/libX11.so.6.3.0)
==82574== 
{
   <insert_a_suppression_name_here>
   Memcheck:Leak
   match-leak-kinds: reachable
   fun:calloc
   fun:_XlcCreateDefaultCharSet
   fun:_XlcAddCT
   fun:_XlcInitCTInfo
   obj:/usr/lib/x86_64-linux-gnu/libX11.so.6.3.0
   obj:/usr/lib/x86_64-linux-gnu/libX11.so.6.3.0
   fun:_XlcCreateLC
   fun:_XlcUtf8Loader
   fun:_XOpenLC
   fun:_XrmInitParseInfo
   obj:/usr/lib/x86_64-linux-gnu/libX11.so.6.3.0
   fun:XrmGetStringDatabase
}
==82574== 4,096 bytes in 1 blocks are still reachable in loss record 42 of 43
==82574==    at 0x483DD99: calloc (in /usr/lib/x86_64-linux-gnu/valgrind/vgpreload_memcheck-amd64-linux.so)
==82574==    by 0x48B00AC: _XrmInternalStringToQuark (in /usr/lib/x86_64-linux-gnu/libX11.so.6.3.0)
==82574==    by 0x48C23B3: XrmInitialize (in /usr/lib/x86_64-linux-gnu/libX11.so.6.3.0)
==82574==    by 0x489EA3B: ??? (in /usr/lib/x86_64-linux-gnu/libX11.so.6.3.0)
==82574==    by 0x489ECE5: XGetDefault (in /usr/lib/x86_64-linux-gnu/libX11.so.6.3.0)
==82574==    by 0x55B3262: _XcursorGetDisplayInfo (in /usr/lib/x86_64-linux-gnu/libXcursor.so.1.0.2)
==82574==    by 0x55B32DC: XcursorSupportsARGB (in /usr/lib/x86_64-linux-gnu/libXcursor.so.1.0.2)
==82574==    by 0x55B5D84: XcursorNoticeCreateBitmap (in /usr/lib/x86_64-linux-gnu/libXcursor.so.1.0.2)
==82574==    by 0x4899250: XCreatePixmap (in /usr/lib/x86_64-linux-gnu/libX11.so.6.3.0)
==82574==    by 0x48980B2: XCreateBitmapFromData (in /usr/lib/x86_64-linux-gnu/libX11.so.6.3.0)
==82574==    by 0x40C080: mlx_mouse_hide (in /mnt/nfs/homes/mbraets/projects/cub3d/cub3d)
==82574==    by 0x402829: main (main.c:43)
==82574== 
{
   <insert_a_suppression_name_here>
   Memcheck:Leak
   match-leak-kinds: reachable
   fun:calloc
   fun:_XrmInternalStringToQuark
   fun:XrmInitialize
   obj:/usr/lib/x86_64-linux-gnu/libX11.so.6.3.0
   fun:XGetDefault
   fun:_XcursorGetDisplayInfo
   fun:XcursorSupportsARGB
   fun:XcursorNoticeCreateBitmap
   fun:XCreatePixmap
   fun:XCreateBitmapFromData
   fun:mlx_mouse_hide
   fun:main
}
==82574== 8,176 bytes in 1 blocks are still reachable in loss record 43 of 43
==82574==    at 0x483B7F3: malloc (in /usr/lib/x86_64-linux-gnu/valgrind/vgpreload_memcheck-amd64-linux.so)
==82574==    by 0x48AFE65: ??? (in /usr/lib/x86_64-linux-gnu/libX11.so.6.3.0)
==82574==    by 0x48B008C: _XrmInternalStringToQuark (in /usr/lib/x86_64-linux-gnu/libX11.so.6.3.0)
==82574==    by 0x48C23B3: XrmInitialize (in /usr/lib/x86_64-linux-gnu/libX11.so.6.3.0)
==82574==    by 0x489EA3B: ??? (in /usr/lib/x86_64-linux-gnu/libX11.so.6.3.0)
==82574==    by 0x489ECE5: XGetDefault (in /usr/lib/x86_64-linux-gnu/libX11.so.6.3.0)
==82574==    by 0x55B3262: _XcursorGetDisplayInfo (in /usr/lib/x86_64-linux-gnu/libXcursor.so.1.0.2)
==82574==    by 0x55B32DC: XcursorSupportsARGB (in /usr/lib/x86_64-linux-gnu/libXcursor.so.1.0.2)
==82574==    by 0x55B5D84: XcursorNoticeCreateBitmap (in /usr/lib/x86_64-linux-gnu/libXcursor.so.1.0.2)
==82574==    by 0x4899250: XCreatePixmap (in /usr/lib/x86_64-linux-gnu/libX11.so.6.3.0)
==82574==    by 0x48980B2: XCreateBitmapFromData (in /usr/lib/x86_64-linux-gnu/libX11.so.6.3.0)
==82574==    by 0x40C080: mlx_mouse_hide (in /mnt/nfs/homes/mbraets/projects/cub3d/cub3d)
==82574== 
{
   <insert_a_suppression_name_here>
   Memcheck:Leak
   match-leak-kinds: reachable
   fun:malloc
   obj:/usr/lib/x86_64-linux-gnu/libX11.so.6.3.0
   fun:_XrmInternalStringToQuark
   fun:XrmInitialize
   obj:/usr/lib/x86_64-linux-gnu/libX11.so.6.3.0
   fun:XGetDefault
   fun:_XcursorGetDisplayInfo
   fun:XcursorSupportsARGB
   fun:XcursorNoticeCreateBitmap
   fun:XCreatePixmap
   fun:XCreateBitmapFromData
   fun:mlx_mouse_hide
}
==82574== LEAK SUMMARY:
==82574==    definitely lost: 0 bytes in 0 blocks
==82574==    indirectly lost: 0 bytes in 0 blocks
==82574==      possibly lost: 0 bytes in 0 blocks
==82574==    still reachable: 29,692 bytes in 302 blocks
==82574==         suppressed: 0 bytes in 0 blocks
==82574== 
==82574== For lists of detected and suppressed errors, rerun with: -s
==82574== ERROR SUMMARY: 0 errors from 0 contexts (suppressed: 3 from 1)
